0 info it worked if it ends with ok
1 verbose cli [ '/usr/bin/nodejs',
1 verbose cli   '/usr/bin/npm',
1 verbose cli   'owner',
1 verbose cli   'ls',
1 verbose cli   '/home/federation/Web/Node/newsflash' ]
2 info using npm@3.5.2
3 info using node@v4.2.6
4 silly mapToRegistry name /home/federation/Web/Node/newsflash
5 silly mapToRegistry using default registry
6 silly mapToRegistry registry https://registry.npmjs.org/
7 silly mapToRegistry uri https://registry.npmjs.org/home/federation/Web/Node/newsflash
8 verbose request uri https://registry.npmjs.org/home/federation/Web/Node/newsflash
9 verbose request no auth needed
10 info attempt registry request try #1 at 11:33:42 PM
11 verbose request id 0607415f85cfb6af
12 http request GET https://registry.npmjs.org/home/federation/Web/Node/newsflash
13 http 404 https://registry.npmjs.org/home/federation/Web/Node/newsflash
14 verbose headers { 'content-type': 'application/json',
14 verbose headers   'cache-control': 'max-age=0',
14 verbose headers   'content-length': '2',
14 verbose headers   'accept-ranges': 'bytes',
14 verbose headers   date: 'Tue, 02 May 2017 04:33:42 GMT',
14 verbose headers   via: '1.1 varnish',
14 verbose headers   age: '0',
14 verbose headers   connection: 'keep-alive',
14 verbose headers   'x-served-by': 'cache-ord1732-ORD',
14 verbose headers   'x-cache': 'MISS',
14 verbose headers   'x-cache-hits': '0',
14 verbose headers   'x-timer': 'S1493699623.680657,VS0,VE134',
14 verbose headers   vary: 'Accept-Encoding' }
15 silly get cb [ 404,
15 silly get   { 'content-type': 'application/json',
15 silly get     'cache-control': 'max-age=0',
15 silly get     'content-length': '2',
15 silly get     'accept-ranges': 'bytes',
15 silly get     date: 'Tue, 02 May 2017 04:33:42 GMT',
15 silly get     via: '1.1 varnish',
15 silly get     age: '0',
15 silly get     connection: 'keep-alive',
15 silly get     'x-served-by': 'cache-ord1732-ORD',
15 silly get     'x-cache': 'MISS',
15 silly get     'x-cache-hits': '0',
15 silly get     'x-timer': 'S1493699623.680657,VS0,VE134',
15 silly get     vary: 'Accept-Encoding' } ]
16 error owner ls Couldn't get owner data /home/federation/Web/Node/newsflash
17 verbose stack Error: Registry returned 404 for GET on https://registry.npmjs.org/home/federation/Web/Node/newsflash
17 verbose stack     at makeError (/usr/share/npm/node_modules/npm-registry-client/lib/request.js:264:12)
17 verbose stack     at CachingRegistryClient.<anonymous> (/usr/share/npm/node_modules/npm-registry-client/lib/request.js:242:14)
17 verbose stack     at Request._callback (/usr/share/npm/node_modules/npm-registry-client/lib/request.js:172:14)
17 verbose stack     at Request.self.callback (/usr/share/npm/node_modules/request/request.js:198:22)
17 verbose stack     at emitTwo (events.js:87:13)
17 verbose stack     at Request.emit (events.js:172:7)
17 verbose stack     at Request.<anonymous> (/usr/share/npm/node_modules/request/request.js:1082:10)
17 verbose stack     at emitOne (events.js:82:20)
17 verbose stack     at Request.emit (events.js:169:7)
17 verbose stack     at IncomingMessage.<anonymous> (/usr/share/npm/node_modules/request/request.js:1009:12)
18 verbose statusCode 404
19 verbose pkgid home
20 verbose cwd /home/federation/Web/Node/newsflash
21 error Linux 4.4.0-53-generic
22 error argv "/usr/bin/nodejs" "/usr/bin/npm" "owner" "ls" "/home/federation/Web/Node/newsflash"
23 error node v4.2.6
24 error npm  v3.5.2
25 error code E404
26 error 404 Registry returned 404 for GET on https://registry.npmjs.org/home/federation/Web/Node/newsflash
27 error 404
28 error 404 'home' is not in the npm registry.
29 error 404 You should bug the author to publish it (or use the name yourself!)
30 error 404 Note that you can also install from a
31 error 404 tarball, folder, http url, or git url.
32 verbose exit [ 1, true ]
